+-------------------------------------------+
    Available Subscriptions
+-------------------------------------------+
Subscription Name:   Employee SKU
Provides:            Oracle Java (for RHEL Server) - AUS
                     Oracle Java (for RHEL Client)
                     Red Hat Enterprise Linux 7 High Availability High Touch Beta
                     Red Hat Enterprise Linux High Availability (for IBM z Systems)
                     Red Hat Enterprise Linux 6 Server HTB
                     Red Hat EUCJP Support (for RHEL Server)
                     Red Hat Enterprise Linux for Power, little endian
                     Red Hat Enterprise Linux EUS Compute Node
                     Red Hat Enterprise Linux for Power, big endian - Extended Update Support
                     Red Hat OpenShift Enterprise JBoss EAP add-on
                     Oracle Java (for RHEL Server) - Extended Update Support
                     Red Hat Enterprise Linux Load Balancer (for RHEL Server) - AUS
                     Red Hat Enterprise Linux Resilient Storage (for RHEL Server)
                     JBoss Enterprise Web Server
                     Red Hat Ceph Storage MON
                     JBoss Enterprise Web Platform
                     Red Hat Enterprise Linux 7 Load Balancer High Touch Beta
                     Red Hat OpenShift Enterprise Infrastructure Beta
                     Kernel Derivative Works for Bluegene/Q
                     Oracle Java (for RHEL Compute Node) - Extended Update Support
                     Red Hat Enterprise Linux 7 for HPC Compute Node High Touch Beta
                     Red Hat Enterprise Linux Scalable File System (for RHEL Workstation)
                     Red Hat Enterprise Linux Desktop
                     OLD Red Hat Enterprise Linux Server for ARM Development Preview
                     Red Hat Enterprise Linux for IBM z Systems - Extended Update Support
                     JBoss Enterprise Application Platform - ELS
                     Red Hat OpenShift Enterprise Client Tools Beta
                     Atomic Enterprise Platform Beta
                     Red Hat Enterprise Linux Scalable File System (for RHEL Server) - Extended Update Support
                     Red Hat OpenShift Enterprise JBoss FUSE add-on
                     Red Hat Ceph Storage
                     Red Hat Cloud Infrastructure
                     Red Hat Certificate System with Advanced Access
                     Red Hat Enterprise Linux High Performance Networking (for RHEL Server)
                     Red Hat OpenShift Enterprise Infrastructure
                     Red Hat Enterprise Linux 7 Desktop High Touch Beta
                     Red Hat Software Collections (for RHEL Server)
                     Red Hat Enterprise Linux 7 for IBM z Systems High Touch Beta
                     Red Hat Enterprise Linux High Performance Networking (for RHEL for IBM POWER)
                     Red Hat Gluster Storage Nagios Server
                     Red Hat Enterprise Linux Server for ARM Beta
                     Red Hat Gluster Storage Server for On-premise
                     Red Hat Beta
                     Red Hat Enterprise Linux Server - Extended Update Support
                     Red Hat OpenShift Enterprise
                     Red Hat OpenShift Enterprise Application Node Beta
                     Red Hat OpenShift Enterprise JBoss A-MQ add-on
                     Oracle Java (for RHEL Server)
                     Red Hat Enterprise Linux for Real Time
                     Red Hat Enterprise Linux Atomic Host
                     Red Hat Developer Toolset (for RHEL Workstation)
                     Red Hat OpenShift Enterprise JBoss EAP add-on Beta
                     Red Hat OpenShift Enterprise Application Node
                     Kernel Derivative Works for HPC for Power Systems
                     Red Hat Enterprise Linux for Scientific Computing
                     Red Hat Enterprise Linux 7 Resilient Storage High Touch Beta
                     Red Hat Enterprise Linux High Availability (for RHEL Server) - AUS
                     Red Hat Container Images HTB
                     Red Hat Container Images Beta
                     Red Hat Enterprise Virtualization for IBM Power
                     Red Hat Developer Toolset (for RHEL Server EUS)
                     Red Hat OpenStack
                     Red Hat OpenShift Enterprise Client Tools
                     Red Hat Enterprise Linux Load Balancer (for RHEL Server) - Extended Update Support
                     Red Hat CloudForms Beta
                     Red Hat Enterprise Linux High Availability (for RHEL Server)
                     Red Hat Certification (for RHEL Server)
                     Red Hat Gluster Storage Management Console (for RHEL Server)
                     Red Hat OpenStack Beta
                     Red Hat Ceph Storage OSD
                     Red Hat Enterprise Virtualization
                     MRG Grid Execute
                     Red Hat Container Development Kit
                     Red Hat Enterprise Linux Workstation
                     Red Hat Enterprise Linux for SAP
                     MRG Realtime
                     Red Hat Enterprise Linux Server - AUS
                     JBoss Enterprise Application Platform
                     Red Hat Enterprise Linux High Performance Networking (for RHEL Compute Node)
                     Red Hat Container Images
                     Red Hat Enterprise MRG Messaging 3 for RHEL 7
                     Red Hat Enterprise Linux Resilient Storage (for IBM z Systems)
                     Red Hat Certificate System
                     Red Hat CloudForms
                     Red Hat Enterprise Linux Resilient Storage (for RHEL Server) - AUS
                     Red Hat S-JIS Support (for RHEL Server)
                     Red Hat Enterprise Linux Scalable File System (for RHEL Server)
                     Red Hat OpenStack Beta Certification Test Suite
                     Red Hat Enterprise Linux Resilient Storage (for RHEL Server) - Extended Update Support
                     Red Hat Enterprise Linux Atomic Host Beta
                     Red Hat Enterprise Linux EUS Compute Node High Performance Networking
                     Red Hat Enterprise Linux 7 Server High Touch Beta
                     Oracle Java (for Middleware)
                     MRG Management
                     Red Hat Enterprise Linux 7 Workstation High Touch Beta
                     Red Hat Enterprise Linux High Availability (for RHEL Server) - Extended Update Support
                     Red Hat Enterprise Linux 6 Workstation HTB
                     Red Hat JBoss A-MQ Clients
                     Red Hat Directory Server
                     Red Hat Enterprise Linux Server - Extended Life Cycle Support
                     Red Hat Enterprise Linux for IBM z Systems
                     Red Hat Enterprise Linux Load Balancer (for RHEL Server)
                     Red Hat Developer Toolset (for RHEL Server)
                     Red Hat Hardware Certification Test Suite
                     Red Hat Enterprise Linux Atomic Host HTB
                     Red Hat Software Collections Beta (for RHEL Workstation)
                     Red Hat Software Collections (for RHEL Workstation)
                     Oracle Java (for RHEL Workstation)
                     Red Hat Ceph Storage Calamari
                     Red Hat Enterprise MRG Messaging
                     Red Hat Enterprise Linux for SAP Hana
                     Red Hat Enterprise Linux Scalable File System (for RHEL Server) - AUS
                     MRG Grid
                     Oracle Java (for RHEL Compute Node)
                     Red Hat Enterprise Linux for Power, big endian
                     Red Hat Enterprise Linux 7 for IBM POWER High Touch Beta
                     Red Hat Storage
                     Red Hat Enterprise Linux EUS Compute Node Scalable File System
                     Red Hat Enterprise Linux Server for ARM Development Preview
                     Red Hat Software Collections Beta (for RHEL Client)
                     Red Hat Enterprise Linux Scalable File System (for RHEL Compute Node)
                     Red Hat Enterprise Linux Server
                     Red Hat Software Collections Beta (for RHEL Server)
SKU:                 ES0113909
Contract:            10254446
Pool ID:             8a85f9874011071c01407da00b997cb2
Provides Management: Yes
Available:           Unlimited
Suggested:           1
Service Level:       Self-Support
Service Type:        L1-L3
Subscription Type:   Standard
Ends:                12/31/2021
System Type:         Virtual

Subscription Name:   60 Day Self-Supported Red Hat Enterprise Linux with Smart Virtualization and Management Evaluation
Provides:            Red Hat Enterprise Linux Server - Extended Update Support
                     Red Hat Beta
                     Oracle Java (for RHEL Server) - Extended Update Support
                     JBoss Enterprise Application Platform
                     Red Hat Software Collections (for RHEL Server)
                     Red Hat Enterprise Virtualization
                     Oracle Java (for RHEL Server)
                     Red Hat Enterprise Linux Server
                     Red Hat Software Collections Beta (for RHEL Server)
SKU:                 SER0447
Contract:            10808671
Pool ID:             8a85f98150a5bb0a0150a960a9ca2cb3
Provides Management: Yes
Available:           Unlimited
Suggested:           1
Service Level:       Self-Support
Service Type:        L1-L3
Subscription Type:   Standard
Ends:                12/25/2015
System Type:         Virtual

Subscription Name:   Red Hat Enterprise Linux Developer Suite
Provides:            Red Hat Software Collections (for RHEL Server)
                     Red Hat Container Development Kit
                     MRG Realtime
                     Red Hat EUCJP Support (for RHEL Server) - Extended Update Support
                     Red Hat Enterprise Linux Server - Extended Update Support
                     Red Hat Beta
                     Oracle Java (for RHEL Server) - Extended Update Support
                     Red Hat Enterprise Linux High Performance Networking (for RHEL Compute Node)
                     Red Hat Enterprise Linux High Performance Networking (for RHEL Server) - Extended Update Support
                     Red Hat Enterprise Linux Resilient Storage (for RHEL Server)
                     Oracle Java (for RHEL Server)
                     Red Hat Container Images
                     Red Hat Enterprise Linux for Real Time
                     Red Hat Enterprise Linux Atomic Host
                     Red Hat S-JIS Support (for RHEL Server) - Extended Update Support
                     Red Hat Enterprise Linux Scalable File System (for RHEL Server)
                     Red Hat Enterprise Linux Resilient Storage (for RHEL Server) - Extended Update Support
                     Red Hat Enterprise Linux Atomic Host Beta
                     Red Hat Enterprise Linux High Availability (for RHEL Server) - Extended Update Support
                     Red Hat Container Images Beta
                     Red Hat Enterprise Linux Scalable File System (for RHEL Server) - Extended Update Support
                     Red Hat Enterprise Linux Load Balancer (for RHEL Server) - Extended Update Support
                     Red Hat Enterprise Linux High Availability (for RHEL Server)
                     Red Hat Enterprise Linux Server
                     Red Hat Software Collections Beta (for RHEL Server)
                     Red Hat Enterprise Linux Load Balancer (for RHEL Server)
                     Red Hat Enterprise Linux High Performance Networking (for RHEL Server)
                     Red Hat Developer Toolset (for RHEL Server)
SKU:                 RH2262474
Contract:            10835191
Pool ID:             8a85f981515c32ea01515deeea9a7178
Provides Management: Yes
Available:           100
Suggested:           1
Service Level:       Self-Support
Service Type:        L1-L3
Subscription Type:   Standard
Ends:                11/30/2016
System Type:         Virtual

Subscription Name:   30 Day Self-Supported OpenShift Enterprise, 2 Cores Evaluation
Provides:            Red Hat OpenShift Enterprise Application Node
                     Red Hat Software Collections (for RHEL Server)
                     Red Hat JBoss A-MQ Clients
                     Red Hat Beta
                     Red Hat OpenShift Enterprise JBoss EAP add-on
                     Red Hat OpenShift Enterprise
                     JBoss Enterprise Application Platform
                     Red Hat OpenShift Enterprise JBoss A-MQ add-on
                     Red Hat OpenShift Enterprise JBoss FUSE add-on
                     JBoss Enterprise Web Server
                     Oracle Java (for RHEL Server)
                     Red Hat OpenShift Enterprise Client Tools
                     Red Hat CloudForms Beta
                     Red Hat Enterprise Linux Server
                     Red Hat Enterprise Linux Atomic Host
                     Red Hat Software Collections Beta (for RHEL Server)
                     Red Hat OpenShift Enterprise Infrastructure
                     Red Hat CloudForms
SKU:                 SER0419
Contract:            10826060
Pool ID:             8a85f981511f6e7a01512142fe4076a0
Provides Management: Yes
Available:           1
Suggested:           1
Service Level:       Self-Support
Service Type:        L1-L3
Subscription Type:   Standard
Ends:                12/18/2015
System Type:         Physical

Subscription Name:   Red Hat Satellite Employee Subscription
Provides:            Red Hat Satellite Capsule Beta
                     Red Hat Beta
                     Red Hat Software Collections (for RHEL Server)
                     Red Hat Satellite Capsule
                     Red Hat Satellite with Embedded Oracle
                     Red Hat Satellite 6 Beta
                     Red Hat Satellite Beta
                     Red Hat Enterprise Linux High Availability (for RHEL Server)
                     Red Hat Enterprise Linux Server
                     Red Hat Satellite
                     Red Hat Software Collections Beta (for RHEL Server)
                     Red Hat Enterprise Linux Load Balancer (for RHEL Server)
SKU:                 SER0232US
Contract:            2380042
Pool ID:             8a85f9863f14fed3013f82b2c7b33615
Provides Management: Yes
Available:           6080
Suggested:           1
Service Level:       Self-Support
Service Type:        L1-L3
Subscription Type:   Standard
Ends:                12/31/2021
System Type:         Physical

Subscription Name:   Atomic Enterprise Platform High Touch Beta
Provides:            Atomic Enterprise Platform Beta
SKU:                 RH00500
Contract:            10828393
Pool ID:             8a85f981513520750151359ee8bb3159
Provides Management: No
Available:           4
Suggested:           1
Service Level:       Self-Support
Service Type:        L1-L3
Subscription Type:   Instance Based
Ends:                11/22/2016
System Type:         Physical

Subscription Name:   90 Day Self-Supported Red Hat JBoss BPM Suite with Management Evaluation
Provides:            Red Hat JBoss A-MQ Clients
                     JBoss Enterprise Application Platform
                     JBoss Enterprise Web Server
SKU:                 MW2463104
Contract:            10808022
Pool ID:             8a85f98150a5bb0a0150a606c1fe1a1b
Provides Management: No
Available:           Unlimited
Suggested:           1
Service Level:       Self-Support
Service Type:        L1-L3
Subscription Type:   Standard
Ends:                01/23/2016
System Type:         Physical

Subscription Name:   Red Hat Enterprise Linux Developer Suite
Provides:            Red Hat Software Collections (for RHEL Server)
                     Red Hat Container Development Kit
                     MRG Realtime
                     Red Hat EUCJP Support (for RHEL Server) - Extended Update Support
                     Red Hat Enterprise Linux Server - Extended Update Support
                     Red Hat Beta
                     Oracle Java (for RHEL Server) - Extended Update Support
                     Red Hat Enterprise Linux High Performance Networking (for RHEL Compute Node)
                     Red Hat Enterprise Linux High Performance Networking (for RHEL Server) - Extended Update Support
                     Red Hat Enterprise Linux Resilient Storage (for RHEL Server)
                     Oracle Java (for RHEL Server)
                     Red Hat Container Images
                     Red Hat Enterprise Linux for Real Time
                     Red Hat Enterprise Linux Atomic Host
                     Red Hat S-JIS Support (for RHEL Server) - Extended Update Support
                     Red Hat Enterprise Linux Scalable File System (for RHEL Server)
                     Red Hat Enterprise Linux Resilient Storage (for RHEL Server) - Extended Update Support
                     Red Hat Enterprise Linux Atomic Host Beta
                     Red Hat Enterprise Linux High Availability (for RHEL Server) - Extended Update Support
                     Red Hat Container Images Beta
                     Red Hat Enterprise Linux Scalable File System (for RHEL Server) - Extended Update Support
                     Red Hat Enterprise Linux Load Balancer (for RHEL Server) - Extended Update Support
                     Red Hat Enterprise Linux High Availability (for RHEL Server)
                     Red Hat Enterprise Linux Server
                     Red Hat Software Collections Beta (for RHEL Server)
                     Red Hat Enterprise Linux Load Balancer (for RHEL Server)
                     Red Hat Enterprise Linux High Performance Networking (for RHEL Server)
                     Red Hat Developer Toolset (for RHEL Server)
SKU:                 RH2262474
Contract:            10833879
Pool ID:             8a85f98151570b8f015158acab466c53
Provides Management: Yes
Available:           100
Suggested:           1
Service Level:       Self-Support
Service Type:        L1-L3
Subscription Type:   Standard
Ends:                11/29/2016
System Type:         Virtual

Subscription Name:   OpenShift Employee Subscription
Provides:            Red Hat OpenShift Enterprise Application Node
                     Red Hat Software Collections (for RHEL Server)
                     Red Hat Beta
                     Red Hat JBoss A-MQ Clients
                     Red Hat OpenShift Enterprise
                     Red Hat OpenShift Enterprise JBoss EAP add-on
                     JBoss Enterprise Application Platform
                     Red Hat OpenShift Enterprise JBoss A-MQ add-on
                     JBoss Enterprise Web Server
                     Red Hat OpenShift Enterprise JBoss FUSE add-on
                     Oracle Java (for RHEL Server)
                     Red Hat OpenShift Enterprise Client Tools
                     Red Hat CloudForms Beta
                     Red Hat Enterprise Linux Server
                     Red Hat Software Collections Beta (for RHEL Server)
                     Red Hat Enterprise Linux Atomic Host
                     Red Hat OpenShift Enterprise Infrastructure
                     Red Hat CloudForms
SKU:                 SER0421
Contract:            10051091
Pool ID:             8a85f9843affb61f013b52c3e53e53a5
Provides Management: Yes
Available:           20
Suggested:           1
Service Level:       Self-Support
Service Type:        L1-L3
Subscription Type:   Standard
Ends:                12/31/2021
System Type:         Physical

Subscription Name:   60 Day Self-Supported Red Hat Enterprise Linux OpenStack Platform Preview
Provides:            Red Hat Beta
                     Red Hat OpenStack Beta
                     Red Hat Software Collections (for RHEL Server)
                     Oracle Java (for RHEL Server)
                     Red Hat OpenStack
                     Red Hat Enterprise MRG Messaging
                     Red Hat Enterprise Linux High Availability (for RHEL Server)
                     Red Hat Enterprise Linux Server
                     Red Hat Software Collections Beta (for RHEL Server)
                     Red Hat Enterprise Linux Load Balancer (for RHEL Server)
SKU:                 SER0406
Contract:            10805586
Pool ID:             8a85f981508a26f801508ccf92d920d2
Provides Management: No
Available:           Unlimited
Suggested:           1
Service Level:       Self-Support
Service Type:        L1-L3
Subscription Type:   Standard
Ends:                12/19/2015
System Type:         Virtual

Subscription Name:   90 Day Self-Supported Red Hat JBoss Web Server with Management Evaluation
Provides:            Red Hat JBoss A-MQ Clients
                     JBoss Enterprise Application Platform
                     JBoss Enterprise Web Server
                     Red Hat Enterprise MRG Messaging
SKU:                 MW0299927
Contract:            10819304
Pool ID:             8a85f98150f0e1490150f3a7a64c2188
Provides Management: No
Available:           Unlimited
Suggested:           1
Service Level:       Self-Support
Service Type:        L1-L3
Subscription Type:   Standard
Ends:                02/07/2016
System Type:         Physical

Subscription Name:   90 Day Self-Supported Red Hat JBoss Enterprise Application Platform with Management Evaluation
Provides:            Red Hat JBoss A-MQ Clients
                     JBoss Enterprise Application Platform
                     JBoss Enterprise Web Server
                     Red Hat Enterprise MRG Messaging
SKU:                 MW0176371
Contract:            10835403
Pool ID:             8a85f981515f32c801515f381a2c0293
Provides Management: No
Available:           Unlimited
Suggested:           1
Service Level:       Self-Support
Service Type:        L1-L3
Subscription Type:   Standard
Ends:                02/28/2016
System Type:         Physical

Subscription Name:   60 Day Self-Supported Red Hat Enterprise Linux OpenStack Platform Preview
Provides:            Red Hat Beta
                     Red Hat OpenStack Beta
                     Red Hat Software Collections (for RHEL Server)
                     Oracle Java (for RHEL Server)
                     Red Hat OpenStack
                     Red Hat Enterprise MRG Messaging
                     Red Hat Enterprise Linux High Availability (for RHEL Server)
                     Red Hat Enterprise Linux Server
                     Red Hat Software Collections Beta (for RHEL Server)
                     Red Hat Enterprise Linux Load Balancer (for RHEL Server)
SKU:                 SER0406
Contract:            10805200
Pool ID:             8a85f981508a26f801508a957f9d0de3
Provides Management: No
Available:           Unlimited
Suggested:           1
Service Level:       Self-Support
Service Type:        L1-L3
Subscription Type:   Standard
Ends:                12/19/2015
System Type:         Virtual

Subscription Name:   90 Day Self-Supported Red Hat JBoss Fuse with Management Evaluation
Provides:            Red Hat JBoss A-MQ Clients
                     JBoss Enterprise Application Platform
                     JBoss Enterprise Web Server
                     Red Hat Enterprise MRG Messaging
SKU:                 MW2212035
Contract:            10837843
Pool ID:             8a85f981516c7f2101516dd9ea093fb1
Provides Management: No
Available:           Unlimited
Suggested:           1
Service Level:       Self-Support
Service Type:        L1-L3
Subscription Type:   Standard
Ends:                03/02/2016
System Type:         Physical

Subscription Name:   60 Day Self-Supported Red Hat Enterprise Linux OpenStack Platform Preview
Provides:            Red Hat Beta
                     Red Hat OpenStack Beta
                     Red Hat Software Collections (for RHEL Server)
                     Oracle Java (for RHEL Server)
                     Red Hat OpenStack
                     Red Hat Enterprise MRG Messaging
                     Red Hat Enterprise Linux High Availability (for RHEL Server)
                     Red Hat Enterprise Linux Server
                     Red Hat Software Collections Beta (for RHEL Server)
                     Red Hat Enterprise Linux Load Balancer (for RHEL Server)
SKU:                 SER0406
Contract:            10819641
Pool ID:             8a85f98150f52c210150f5ce6d7c46fb
Provides Management: No
Available:           Unlimited
Suggested:           1
Service Level:       Self-Support
Service Type:        L1-L3
Subscription Type:   Standard
Ends:                01/09/2016
System Type:         Virtual

Subscription Name:   90 Day Self-Supported Red Hat JBoss Data Grid with Management Evaluation
Provides:            Red Hat JBoss A-MQ Clients
                     JBoss Enterprise Application Platform
                     JBoss Enterprise Web Server
                     Red Hat Enterprise MRG Messaging
SKU:                 MW0929806
Contract:            10800854
Pool ID:             8a85f98150676ebd015067fdce722b3a
Provides Management: No
Available:           Unlimited
Suggested:           1
Service Level:       Self-Support
Service Type:        L1-L3
Subscription Type:   Standard
Ends:                01/11/2016
System Type:         Physical

Subscription Name:   Employee SKU
Provides:            Oracle Java (for RHEL Server) - AUS
                     Oracle Java (for RHEL Client)
                     Red Hat Enterprise Linux 7 High Availability High Touch Beta
                     Red Hat Enterprise Linux High Availability (for IBM z Systems)
                     Red Hat Enterprise Linux 6 Server HTB
                     Red Hat EUCJP Support (for RHEL Server)
                     Red Hat Enterprise Linux for Power, little endian
                     Red Hat Enterprise Linux EUS Compute Node
                     Red Hat Enterprise Linux for Power, big endian - Extended Update Support
                     Red Hat OpenShift Enterprise JBoss EAP add-on
                     Oracle Java (for RHEL Server) - Extended Update Support
                     Red Hat Enterprise Linux Load Balancer (for RHEL Server) - AUS
                     Red Hat Enterprise Linux Resilient Storage (for RHEL Server)
                     JBoss Enterprise Web Server
                     Red Hat Ceph Storage MON
                     JBoss Enterprise Web Platform
                     Red Hat Enterprise Linux 7 Load Balancer High Touch Beta
                     Red Hat OpenShift Enterprise Infrastructure Beta
                     Kernel Derivative Works for Bluegene/Q
                     Oracle Java (for RHEL Compute Node) - Extended Update Support
                     Red Hat Enterprise Linux 7 for HPC Compute Node High Touch Beta
                     Red Hat Enterprise Linux Scalable File System (for RHEL Workstation)
                     Red Hat Enterprise Linux Desktop
                     OLD Red Hat Enterprise Linux Server for ARM Development Preview
                     Red Hat Enterprise Linux for IBM z Systems - Extended Update Support
                     JBoss Enterprise Application Platform - ELS
                     Red Hat OpenShift Enterprise Client Tools Beta
                     Atomic Enterprise Platform Beta
                     Red Hat Enterprise Linux Scalable File System (for RHEL Server) - Extended Update Support
                     Red Hat OpenShift Enterprise JBoss FUSE add-on
                     Red Hat Ceph Storage
                     Red Hat Cloud Infrastructure
                     Red Hat Certificate System with Advanced Access
                     Red Hat Enterprise Linux High Performance Networking (for RHEL Server)
                     Red Hat OpenShift Enterprise Infrastructure
                     Red Hat Enterprise Linux 7 Desktop High Touch Beta
                     Red Hat Software Collections (for RHEL Server)
                     Red Hat Enterprise Linux 7 for IBM z Systems High Touch Beta
                     Red Hat Enterprise Linux High Performance Networking (for RHEL for IBM POWER)
                     Red Hat Gluster Storage Nagios Server
                     Red Hat Enterprise Linux Server for ARM Beta
                     Red Hat Gluster Storage Server for On-premise
                     Red Hat Beta
                     Red Hat Enterprise Linux Server - Extended Update Support
                     Red Hat OpenShift Enterprise
                     Red Hat OpenShift Enterprise Application Node Beta
                     Red Hat OpenShift Enterprise JBoss A-MQ add-on
                     Oracle Java (for RHEL Server)
                     Red Hat Enterprise Linux for Real Time
                     Red Hat Enterprise Linux Atomic Host
                     Red Hat Developer Toolset (for RHEL Workstation)
                     Red Hat OpenShift Enterprise JBoss EAP add-on Beta
                     Red Hat OpenShift Enterprise Application Node
                     Kernel Derivative Works for HPC for Power Systems
                     Red Hat Enterprise Linux for Scientific Computing
                     Red Hat Enterprise Linux 7 Resilient Storage High Touch Beta
                     Red Hat Enterprise Linux High Availability (for RHEL Server) - AUS
                     Red Hat Container Images HTB
                     Red Hat Container Images Beta
                     Red Hat Enterprise Virtualization for IBM Power
                     Red Hat Developer Toolset (for RHEL Server EUS)
                     Red Hat OpenStack
                     Red Hat OpenShift Enterprise Client Tools
                     Red Hat Enterprise Linux Load Balancer (for RHEL Server) - Extended Update Support
                     Red Hat CloudForms Beta
                     Red Hat Enterprise Linux High Availability (for RHEL Server)
                     Red Hat Certification (for RHEL Server)
                     Red Hat Gluster Storage Management Console (for RHEL Server)
                     Red Hat OpenStack Beta
                     Red Hat Ceph Storage OSD
                     Red Hat Enterprise Virtualization
                     MRG Grid Execute
                     Red Hat Container Development Kit
                     Red Hat Enterprise Linux Workstation
                     Red Hat Enterprise Linux for SAP
                     MRG Realtime
                     Red Hat Enterprise Linux Server - AUS
                     JBoss Enterprise Application Platform
                     Red Hat Enterprise Linux High Performance Networking (for RHEL Compute Node)
                     Red Hat Container Images
                     Red Hat Enterprise MRG Messaging 3 for RHEL 7
                     Red Hat Enterprise Linux Resilient Storage (for IBM z Systems)
                     Red Hat Certificate System
                     Red Hat CloudForms
                     Red Hat Enterprise Linux Resilient Storage (for RHEL Server) - AUS
                     Red Hat S-JIS Support (for RHEL Server)
                     Red Hat Enterprise Linux Scalable File System (for RHEL Server)
                     Red Hat OpenStack Beta Certification Test Suite
                     Red Hat Enterprise Linux Resilient Storage (for RHEL Server) - Extended Update Support
                     Red Hat Enterprise Linux Atomic Host Beta
                     Red Hat Enterprise Linux EUS Compute Node High Performance Networking
                     Red Hat Enterprise Linux 7 Server High Touch Beta
                     Oracle Java (for Middleware)
                     MRG Management
                     Red Hat Enterprise Linux 7 Workstation High Touch Beta
                     Red Hat Enterprise Linux High Availability (for RHEL Server) - Extended Update Support
                     Red Hat Enterprise Linux 6 Workstation HTB
                     Red Hat JBoss A-MQ Clients
                     Red Hat Directory Server
                     Red Hat Enterprise Linux Server - Extended Life Cycle Support
                     Red Hat Enterprise Linux for IBM z Systems
                     Red Hat Enterprise Linux Load Balancer (for RHEL Server)
                     Red Hat Developer Toolset (for RHEL Server)
                     Red Hat Hardware Certification Test Suite
                     Red Hat Enterprise Linux Atomic Host HTB
                     Red Hat Software Collections Beta (for RHEL Workstation)
                     Red Hat Software Collections (for RHEL Workstation)
                     Oracle Java (for RHEL Workstation)
                     Red Hat Ceph Storage Calamari
                     Red Hat Enterprise MRG Messaging
                     Red Hat Enterprise Linux for SAP Hana
                     Red Hat Enterprise Linux Scalable File System (for RHEL Server) - AUS
                     MRG Grid
                     Oracle Java (for RHEL Compute Node)
                     Red Hat Enterprise Linux for Power, big endian
                     Red Hat Enterprise Linux 7 for IBM POWER High Touch Beta
                     Red Hat Storage
                     Red Hat Enterprise Linux EUS Compute Node Scalable File System
                     Red Hat Enterprise Linux Server for ARM Development Preview
                     Red Hat Software Collections Beta (for RHEL Client)
                     Red Hat Enterprise Linux Scalable File System (for RHEL Compute Node)
                     Red Hat Enterprise Linux Server
                     Red Hat Software Collections Beta (for RHEL Server)
SKU:                 ES0113909
Contract:            10695637
Pool ID:             8a85f9814d368e7d014d44509b5e4eef
Provides Management: Yes
Available:           Unlimited
Suggested:           1
Service Level:       Self-Support
Service Type:        L1-L3
Subscription Type:   Standard
Ends:                05/10/2016
System Type:         Virtual

Subscription Name:   Red Hat Enterprise Linux for IBM POWER, Standard (4 sockets) (Up to 30 LPARs)
Provides:            Red Hat Beta
                     Red Hat Enterprise Linux for Power, big endian
SKU:                 RH0350482
Contract:            10649085
Pool ID:             8a85f9814bb5c885014bccd9c74c1b3c
Provides Management: No
Available:           2
Suggested:           1
Service Level:       Standard
Service Type:        L1-L3
Subscription Type:   Standard
Ends:                02/26/2016
System Type:         Physical

Subscription Name:   Employee SKU
Provides:            Oracle Java (for RHEL Server) - AUS
                     Oracle Java (for RHEL Client)
                     Red Hat Enterprise Linux 7 High Availability High Touch Beta
                     Red Hat Enterprise Linux High Availability (for IBM z Systems)
                     Red Hat Enterprise Linux 6 Server HTB
                     Red Hat EUCJP Support (for RHEL Server)
                     Red Hat Enterprise Linux for Power, little endian
                     Red Hat Enterprise Linux EUS Compute Node
                     Red Hat Enterprise Linux for Power, big endian - Extended Update Support
                     Red Hat OpenShift Enterprise JBoss EAP add-on
                     Oracle Java (for RHEL Server) - Extended Update Support
                     Red Hat Enterprise Linux Load Balancer (for RHEL Server) - AUS
                     Red Hat Enterprise Linux Resilient Storage (for RHEL Server)
                     JBoss Enterprise Web Server
                     Red Hat Ceph Storage MON
                     JBoss Enterprise Web Platform
                     Red Hat Enterprise Linux 7 Load Balancer High Touch Beta
                     Red Hat OpenShift Enterprise Infrastructure Beta
                     Kernel Derivative Works for Bluegene/Q
                     Oracle Java (for RHEL Compute Node) - Extended Update Support
                     Red Hat Enterprise Linux 7 for HPC Compute Node High Touch Beta
                     Red Hat Enterprise Linux Scalable File System (for RHEL Workstation)
                     Red Hat Enterprise Linux Desktop
                     OLD Red Hat Enterprise Linux Server for ARM Development Preview
                     Red Hat Enterprise Linux for IBM z Systems - Extended Update Support
                     JBoss Enterprise Application Platform - ELS
                     Red Hat OpenShift Enterprise Client Tools Beta
                     Atomic Enterprise Platform Beta
                     Red Hat Enterprise Linux Scalable File System (for RHEL Server) - Extended Update Support
                     Red Hat OpenShift Enterprise JBoss FUSE add-on
                     Red Hat Ceph Storage
                     Red Hat Cloud Infrastructure
                     Red Hat Certificate System with Advanced Access
                     Red Hat Enterprise Linux High Performance Networking (for RHEL Server)
                     Red Hat OpenShift Enterprise Infrastructure
                     Red Hat Enterprise Linux 7 Desktop High Touch Beta
                     Red Hat Software Collections (for RHEL Server)
                     Red Hat Enterprise Linux 7 for IBM z Systems High Touch Beta
                     Red Hat Enterprise Linux High Performance Networking (for RHEL for IBM POWER)
                     Red Hat Gluster Storage Nagios Server
                     Red Hat Enterprise Linux Server for ARM Beta
                     Red Hat Gluster Storage Server for On-premise
                     Red Hat Beta
                     Red Hat Enterprise Linux Server - Extended Update Support
                     Red Hat OpenShift Enterprise
                     Red Hat OpenShift Enterprise Application Node Beta
                     Red Hat OpenShift Enterprise JBoss A-MQ add-on
                     Oracle Java (for RHEL Server)
                     Red Hat Enterprise Linux for Real Time
                     Red Hat Enterprise Linux Atomic Host
                     Red Hat Developer Toolset (for RHEL Workstation)
                     Red Hat OpenShift Enterprise JBoss EAP add-on Beta
                     Red Hat OpenShift Enterprise Application Node
                     Kernel Derivative Works for HPC for Power Systems
                     Red Hat Enterprise Linux for Scientific Computing
                     Red Hat Enterprise Linux 7 Resilient Storage High Touch Beta
                     Red Hat Enterprise Linux High Availability (for RHEL Server) - AUS
                     Red Hat Container Images HTB
                     Red Hat Container Images Beta
                     Red Hat Enterprise Virtualization for IBM Power
                     Red Hat Developer Toolset (for RHEL Server EUS)
                     Red Hat OpenStack
                     Red Hat OpenShift Enterprise Client Tools
                     Red Hat Enterprise Linux Load Balancer (for RHEL Server) - Extended Update Support
                     Red Hat CloudForms Beta
                     Red Hat Enterprise Linux High Availability (for RHEL Server)
                     Red Hat Certification (for RHEL Server)
                     Red Hat Gluster Storage Management Console (for RHEL Server)
                     Red Hat OpenStack Beta
                     Red Hat Ceph Storage OSD
                     Red Hat Enterprise Virtualization
                     MRG Grid Execute
                     Red Hat Container Development Kit
                     Red Hat Enterprise Linux Workstation
                     Red Hat Enterprise Linux for SAP
                     MRG Realtime
                     Red Hat Enterprise Linux Server - AUS
                     JBoss Enterprise Application Platform
                     Red Hat Enterprise Linux High Performance Networking (for RHEL Compute Node)
                     Red Hat Container Images
                     Red Hat Enterprise MRG Messaging 3 for RHEL 7
                     Red Hat Enterprise Linux Resilient Storage (for IBM z Systems)
                     Red Hat Certificate System
                     Red Hat CloudForms
                     Red Hat Enterprise Linux Resilient Storage (for RHEL Server) - AUS
                     Red Hat S-JIS Support (for RHEL Server)
                     Red Hat Enterprise Linux Scalable File System (for RHEL Server)
                     Red Hat OpenStack Beta Certification Test Suite
                     Red Hat Enterprise Linux Resilient Storage (for RHEL Server) - Extended Update Support
                     Red Hat Enterprise Linux Atomic Host Beta
                     Red Hat Enterprise Linux EUS Compute Node High Performance Networking
                     Red Hat Enterprise Linux 7 Server High Touch Beta
                     Oracle Java (for Middleware)
                     MRG Management
                     Red Hat Enterprise Linux 7 Workstation High Touch Beta
                     Red Hat Enterprise Linux High Availability (for RHEL Server) - Extended Update Support
                     Red Hat Enterprise Linux 6 Workstation HTB
                     Red Hat JBoss A-MQ Clients
                     Red Hat Directory Server
                     Red Hat Enterprise Linux Server - Extended Life Cycle Support
                     Red Hat Enterprise Linux for IBM z Systems
                     Red Hat Enterprise Linux Load Balancer (for RHEL Server)
                     Red Hat Developer Toolset (for RHEL Server)
                     Red Hat Hardware Certification Test Suite
                     Red Hat Enterprise Linux Atomic Host HTB
                     Red Hat Software Collections Beta (for RHEL Workstation)
                     Red Hat Software Collections (for RHEL Workstation)
                     Oracle Java (for RHEL Workstation)
                     Red Hat Ceph Storage Calamari
                     Red Hat Enterprise MRG Messaging
                     Red Hat Enterprise Linux for SAP Hana
                     Red Hat Enterprise Linux Scalable File System (for RHEL Server) - AUS
                     MRG Grid
                     Oracle Java (for RHEL Compute Node)
                     Red Hat Enterprise Linux for Power, big endian
                     Red Hat Enterprise Linux 7 for IBM POWER High Touch Beta
                     Red Hat Storage
                     Red Hat Enterprise Linux EUS Compute Node Scalable File System
                     Red Hat Enterprise Linux Server for ARM Development Preview
                     Red Hat Software Collections Beta (for RHEL Client)
                     Red Hat Enterprise Linux Scalable File System (for RHEL Compute Node)
                     Red Hat Enterprise Linux Server
                     Red Hat Software Collections Beta (for RHEL Server)
SKU:                 ES0113909
Contract:            10398018
Pool ID:             8a85f98144844aff014488d059f61625
Provides Management: Yes
Available:           Unlimited
Suggested:           1
Service Level:       Self-Support
Service Type:        L1-L3
Subscription Type:   Standard
Ends:                12/31/2021
System Type:         Virtual

Subscription Name:   Employee SKU
Provides:            Oracle Java (for RHEL Server) - AUS
                     Oracle Java (for RHEL Client)
                     Red Hat Enterprise Linux 7 High Availability High Touch Beta
                     Red Hat Enterprise Linux High Availability (for IBM z Systems)
                     Red Hat Enterprise Linux 6 Server HTB
                     Red Hat EUCJP Support (for RHEL Server)
                     Red Hat Enterprise Linux for Power, little endian
                     Red Hat Enterprise Linux EUS Compute Node
                     Red Hat Enterprise Linux for Power, big endian - Extended Update Support
                     Red Hat OpenShift Enterprise JBoss EAP add-on
                     Oracle Java (for RHEL Server) - Extended Update Support
                     Red Hat Enterprise Linux Load Balancer (for RHEL Server) - AUS
                     Red Hat Enterprise Linux Resilient Storage (for RHEL Server)
                     JBoss Enterprise Web Server
                     Red Hat Ceph Storage MON
                     JBoss Enterprise Web Platform
                     Red Hat Enterprise Linux 7 Load Balancer High Touch Beta
                     Red Hat OpenShift Enterprise Infrastructure Beta
                     Kernel Derivative Works for Bluegene/Q
                     Oracle Java (for RHEL Compute Node) - Extended Update Support
                     Red Hat Enterprise Linux 7 for HPC Compute Node High Touch Beta
                     Red Hat Enterprise Linux Scalable File System (for RHEL Workstation)
                     Red Hat Enterprise Linux Desktop
                     OLD Red Hat Enterprise Linux Server for ARM Development Preview
                     Red Hat Enterprise Linux for IBM z Systems - Extended Update Support
                     JBoss Enterprise Application Platform - ELS
                     Red Hat OpenShift Enterprise Client Tools Beta
                     Atomic Enterprise Platform Beta
                     Red Hat Enterprise Linux Scalable File System (for RHEL Server) - Extended Update Support
                     Red Hat OpenShift Enterprise JBoss FUSE add-on
                     Red Hat Ceph Storage
                     Red Hat Cloud Infrastructure
                     Red Hat Certificate System with Advanced Access
                     Red Hat Enterprise Linux High Performance Networking (for RHEL Server)
                     Red Hat OpenShift Enterprise Infrastructure
                     Red Hat Enterprise Linux 7 Desktop High Touch Beta
                     Red Hat Software Collections (for RHEL Server)
                     Red Hat Enterprise Linux 7 for IBM z Systems High Touch Beta
                     Red Hat Enterprise Linux High Performance Networking (for RHEL for IBM POWER)
                     Red Hat Gluster Storage Nagios Server
                     Red Hat Enterprise Linux Server for ARM Beta
                     Red Hat Gluster Storage Server for On-premise
                     Red Hat Beta
                     Red Hat Enterprise Linux Server - Extended Update Support
                     Red Hat OpenShift Enterprise
                     Red Hat OpenShift Enterprise Application Node Beta
                     Red Hat OpenShift Enterprise JBoss A-MQ add-on
                     Oracle Java (for RHEL Server)
                     Red Hat Enterprise Linux for Real Time
                     Red Hat Enterprise Linux Atomic Host
                     Red Hat Developer Toolset (for RHEL Workstation)
                     Red Hat OpenShift Enterprise JBoss EAP add-on Beta
                     Red Hat OpenShift Enterprise Application Node
                     Kernel Derivative Works for HPC for Power Systems
                     Red Hat Enterprise Linux for Scientific Computing
                     Red Hat Enterprise Linux 7 Resilient Storage High Touch Beta
                     Red Hat Enterprise Linux High Availability (for RHEL Server) - AUS
                     Red Hat Container Images HTB
                     Red Hat Container Images Beta
                     Red Hat Enterprise Virtualization for IBM Power
                     Red Hat Developer Toolset (for RHEL Server EUS)
                     Red Hat OpenStack
                     Red Hat OpenShift Enterprise Client Tools
                     Red Hat Enterprise Linux Load Balancer (for RHEL Server) - Extended Update Support
                     Red Hat CloudForms Beta
                     Red Hat Enterprise Linux High Availability (for RHEL Server)
                     Red Hat Certification (for RHEL Server)
                     Red Hat Gluster Storage Management Console (for RHEL Server)
                     Red Hat OpenStack Beta
                     Red Hat Ceph Storage OSD
                     Red Hat Enterprise Virtualization
                     MRG Grid Execute
                     Red Hat Container Development Kit
                     Red Hat Enterprise Linux Workstation
                     Red Hat Enterprise Linux for SAP
                     MRG Realtime
                     Red Hat Enterprise Linux Server - AUS
                     JBoss Enterprise Application Platform
                     Red Hat Enterprise Linux High Performance Networking (for RHEL Compute Node)
                     Red Hat Container Images
                     Red Hat Enterprise MRG Messaging 3 for RHEL 7
                     Red Hat Enterprise Linux Resilient Storage (for IBM z Systems)
                     Red Hat Certificate System
                     Red Hat CloudForms
                     Red Hat Enterprise Linux Resilient Storage (for RHEL Server) - AUS
                     Red Hat S-JIS Support (for RHEL Server)
                     Red Hat Enterprise Linux Scalable File System (for RHEL Server)
                     Red Hat OpenStack Beta Certification Test Suite
                     Red Hat Enterprise Linux Resilient Storage (for RHEL Server) - Extended Update Support
                     Red Hat Enterprise Linux Atomic Host Beta
                     Red Hat Enterprise Linux EUS Compute Node High Performance Networking
                     Red Hat Enterprise Linux 7 Server High Touch Beta
                     Oracle Java (for Middleware)
                     MRG Management
                     Red Hat Enterprise Linux 7 Workstation High Touch Beta
                     Red Hat Enterprise Linux High Availability (for RHEL Server) - Extended Update Support
                     Red Hat Enterprise Linux 6 Workstation HTB
                     Red Hat JBoss A-MQ Clients
                     Red Hat Directory Server
                     Red Hat Enterprise Linux Server - Extended Life Cycle Support
                     Red Hat Enterprise Linux for IBM z Systems
                     Red Hat Enterprise Linux Load Balancer (for RHEL Server)
                     Red Hat Developer Toolset (for RHEL Server)
                     Red Hat Hardware Certification Test Suite
                     Red Hat Enterprise Linux Atomic Host HTB
                     Red Hat Software Collections Beta (for RHEL Workstation)
                     Red Hat Software Collections (for RHEL Workstation)
                     Oracle Java (for RHEL Workstation)
                     Red Hat Ceph Storage Calamari
                     Red Hat Enterprise MRG Messaging
                     Red Hat Enterprise Linux for SAP Hana
                     Red Hat Enterprise Linux Scalable File System (for RHEL Server) - AUS
                     MRG Grid
                     Oracle Java (for RHEL Compute Node)
                     Red Hat Enterprise Linux for Power, big endian
                     Red Hat Enterprise Linux 7 for IBM POWER High Touch Beta
                     Red Hat Storage
                     Red Hat Enterprise Linux EUS Compute Node Scalable File System
                     Red Hat Enterprise Linux Server for ARM Development Preview
                     Red Hat Software Collections Beta (for RHEL Client)
                     Red Hat Enterprise Linux Scalable File System (for RHEL Compute Node)
                     Red Hat Enterprise Linux Server
                     Red Hat Software Collections Beta (for RHEL Server)
SKU:                 ES0113909
Contract:            10398018
Pool ID:             8a85f98144844aff014488d058bf15be
Provides Management: Yes
Available:           5646
Suggested:           1
Service Level:       Self-Support
Service Type:        L1-L3
Subscription Type:   Standard
Ends:                12/31/2021
System Type:         Physical

Subscription Name:   90 Day Self-Supported Red Hat JBoss Enterprise Application Platform with Management Evaluation
Provides:            Red Hat JBoss A-MQ Clients
                     JBoss Enterprise Application Platform
                     JBoss Enterprise Web Server
                     Red Hat Enterprise MRG Messaging
SKU:                 MW0176371
Contract:            10802465
Pool ID:             8a85f98150716ec801507213e68e45b4
Provides Management: No
Available:           Unlimited
Suggested:           1
Service Level:       Self-Support
Service Type:        L1-L3
Subscription Type:   Standard
Ends:                01/13/2016
System Type:         Physical

Subscription Name:   90 Day Self-Supported Red Hat JBoss Fuse with Management Evaluation
Provides:            Red Hat JBoss A-MQ Clients
                     JBoss Enterprise Application Platform
                     JBoss Enterprise Web Server
                     Red Hat Enterprise MRG Messaging
SKU:                 MW2212035
Contract:            10796886
Pool ID:             8a85f9815043671a015046fe4834711a
Provides Management: No
Available:           Unlimited
Suggested:           1
Service Level:       Self-Support
Service Type:        L1-L3
Subscription Type:   Standard
Ends:                01/05/2016
System Type:         Physical

Subscription Name:   Red Hat Enterprise Linux Developer Suite
Provides:            Red Hat Software Collections (for RHEL Server)
                     Red Hat Container Development Kit
                     MRG Realtime
                     Red Hat EUCJP Support (for RHEL Server) - Extended Update Support
                     Red Hat Enterprise Linux Server - Extended Update Support
                     Red Hat Beta
                     Oracle Java (for RHEL Server) - Extended Update Support
                     Red Hat Enterprise Linux High Performance Networking (for RHEL Compute Node)
                     Red Hat Enterprise Linux High Performance Networking (for RHEL Server) - Extended Update Support
                     Red Hat Enterprise Linux Resilient Storage (for RHEL Server)
                     Oracle Java (for RHEL Server)
                     Red Hat Container Images
                     Red Hat Enterprise Linux for Real Time
                     Red Hat Enterprise Linux Atomic Host
                     Red Hat S-JIS Support (for RHEL Server) - Extended Update Support
                     Red Hat Enterprise Linux Scalable File System (for RHEL Server)
                     Red Hat Enterprise Linux Resilient Storage (for RHEL Server) - Extended Update Support
                     Red Hat Enterprise Linux Atomic Host Beta
                     Red Hat Enterprise Linux High Availability (for RHEL Server) - Extended Update Support
                     Red Hat Container Images Beta
                     Red Hat Enterprise Linux Scalable File System (for RHEL Server) - Extended Update Support
                     Red Hat Enterprise Linux Load Balancer (for RHEL Server) - Extended Update Support
                     Red Hat Enterprise Linux High Availability (for RHEL Server)
                     Red Hat Enterprise Linux Server
                     Red Hat Software Collections Beta (for RHEL Server)
                     Red Hat Enterprise Linux Load Balancer (for RHEL Server)
                     Red Hat Enterprise Linux High Performance Networking (for RHEL Server)
                     Red Hat Developer Toolset (for RHEL Server)
SKU:                 RH2262474
Contract:            10835229
Pool ID:             8a85f981515c32ea01515e2e66be0872
Provides Management: Yes
Available:           100
Suggested:           1
Service Level:       Self-Support
Service Type:        L1-L3
Subscription Type:   Standard
Ends:                11/30/2016
System Type:         Virtual

Subscription Name:   Red Hat Enterprise Linux Developer Suite
Provides:            Red Hat Software Collections (for RHEL Server)
                     Red Hat Container Development Kit
                     MRG Realtime
                     Red Hat EUCJP Support (for RHEL Server) - Extended Update Support
                     Red Hat Enterprise Linux Server - Extended Update Support
                     Red Hat Beta
                     Oracle Java (for RHEL Server) - Extended Update Support
                     Red Hat Enterprise Linux High Performance Networking (for RHEL Compute Node)
                     Red Hat Enterprise Linux High Performance Networking (for RHEL Server) - Extended Update Support
                     Red Hat Enterprise Linux Resilient Storage (for RHEL Server)
                     Oracle Java (for RHEL Server)
                     Red Hat Container Images
                     Red Hat Enterprise Linux for Real Time
                     Red Hat Enterprise Linux Atomic Host
                     Red Hat S-JIS Support (for RHEL Server) - Extended Update Support
                     Red Hat Enterprise Linux Scalable File System (for RHEL Server)
                     Red Hat Enterprise Linux Resilient Storage (for RHEL Server) - Extended Update Support
                     Red Hat Enterprise Linux Atomic Host Beta
                     Red Hat Enterprise Linux High Availability (for RHEL Server) - Extended Update Support
                     Red Hat Container Images Beta
                     Red Hat Enterprise Linux Scalable File System (for RHEL Server) - Extended Update Support
                     Red Hat Enterprise Linux Load Balancer (for RHEL Server) - Extended Update Support
                     Red Hat Enterprise Linux High Availability (for RHEL Server)
                     Red Hat Enterprise Linux Server
                     Red Hat Software Collections Beta (for RHEL Server)
                     Red Hat Enterprise Linux Load Balancer (for RHEL Server)
                     Red Hat Enterprise Linux High Performance Networking (for RHEL Server)
                     Red Hat Developer Toolset (for RHEL Server)
SKU:                 RH2262474
Contract:            10835765
Pool ID:             8a85f9815160b99701516248e856181a
Provides Management: Yes
Available:           100
Suggested:           1
Service Level:       Self-Support
Service Type:        L1-L3
Subscription Type:   Standard
Ends:                12/01/2016
System Type:         Virtual

Subscription Name:   60 Day Self-Supported Red Hat Enterprise Linux with Smart Virtualization and Management Evaluation
Provides:            Red Hat Enterprise Linux Server - Extended Update Support
                     Red Hat Beta
                     Oracle Java (for RHEL Server) - Extended Update Support
                     JBoss Enterprise Application Platform
                     Red Hat Software Collections (for RHEL Server)
                     Red Hat Enterprise Virtualization
                     Oracle Java (for RHEL Server)
                     Red Hat Enterprise Linux Server
                     Red Hat Software Collections Beta (for RHEL Server)
SKU:                 SER0447
Contract:            10826088
Pool ID:             8a85f981511f6e7a015121684c6512ca
Provides Management: Yes
Available:           Unlimited
Suggested:           1
Service Level:       Self-Support
Service Type:        L1-L3
Subscription Type:   Standard
Ends:                01/17/2016
System Type:         Virtual

Subscription Name:   90 Day Self-Supported Red Hat JBoss BPM Suite with Management Evaluation
Provides:            Red Hat JBoss A-MQ Clients
                     JBoss Enterprise Application Platform
                     JBoss Enterprise Web Server
SKU:                 MW2463104
Contract:            10801400
Pool ID:             8a85f98150676ebd01506bb877f33b36
Provides Management: No
Available:           Unlimited
Suggested:           1
Service Level:       Self-Support
Service Type:        L1-L3
Subscription Type:   Standard
Ends:                01/12/2016
System Type:         Physical

Subscription Name:   90 Day Self-Supported Red Hat JBoss A-MQ with Management Evaluation
Provides:            Red Hat JBoss A-MQ Clients
                     JBoss Enterprise Application Platform
                     JBoss Enterprise Web Server
                     Red Hat Enterprise MRG Messaging
SKU:                 MW2349839
Contract:            10801969
Pool ID:             8a85f981506e17b101506f154e2a27cc
Provides Management: No
Available:           Unlimited
Suggested:           1
Service Level:       Self-Support
Service Type:        L1-L3
Subscription Type:   Standard
Ends:                01/13/2016
System Type:         Physical

Subscription Name:   Employee SKU
Provides:            Oracle Java (for RHEL Server) - AUS
                     Oracle Java (for RHEL Client)
                     Red Hat Enterprise Linux 7 High Availability High Touch Beta
                     Red Hat Enterprise Linux High Availability (for IBM z Systems)
                     Red Hat Enterprise Linux 6 Server HTB
                     Red Hat EUCJP Support (for RHEL Server)
                     Red Hat Enterprise Linux for Power, little endian
                     Red Hat Enterprise Linux EUS Compute Node
                     Red Hat Enterprise Linux for Power, big endian - Extended Update Support
                     Red Hat OpenShift Enterprise JBoss EAP add-on
                     Oracle Java (for RHEL Server) - Extended Update Support
                     Red Hat Enterprise Linux Load Balancer (for RHEL Server) - AUS
                     Red Hat Enterprise Linux Resilient Storage (for RHEL Server)
                     JBoss Enterprise Web Server
                     Red Hat Ceph Storage MON
                     JBoss Enterprise Web Platform
                     Red Hat Enterprise Linux 7 Load Balancer High Touch Beta
                     Red Hat OpenShift Enterprise Infrastructure Beta
                     Kernel Derivative Works for Bluegene/Q
                     Oracle Java (for RHEL Compute Node) - Extended Update Support
                     Red Hat Enterprise Linux 7 for HPC Compute Node High Touch Beta
                     Red Hat Enterprise Linux Scalable File System (for RHEL Workstation)
                     Red Hat Enterprise Linux Desktop
                     OLD Red Hat Enterprise Linux Server for ARM Development Preview
                     Red Hat Enterprise Linux for IBM z Systems - Extended Update Support
                     JBoss Enterprise Application Platform - ELS
                     Red Hat OpenShift Enterprise Client Tools Beta
                     Atomic Enterprise Platform Beta
                     Red Hat Enterprise Linux Scalable File System (for RHEL Server) - Extended Update Support
                     Red Hat OpenShift Enterprise JBoss FUSE add-on
                     Red Hat Ceph Storage
                     Red Hat Cloud Infrastructure
                     Red Hat Certificate System with Advanced Access
                     Red Hat Enterprise Linux High Performance Networking (for RHEL Server)
                     Red Hat OpenShift Enterprise Infrastructure
                     Red Hat Enterprise Linux 7 Desktop High Touch Beta
                     Red Hat Software Collections (for RHEL Server)
                     Red Hat Enterprise Linux 7 for IBM z Systems High Touch Beta
                     Red Hat Enterprise Linux High Performance Networking (for RHEL for IBM POWER)
                     Red Hat Gluster Storage Nagios Server
                     Red Hat Enterprise Linux Server for ARM Beta
                     Red Hat Gluster Storage Server for On-premise
                     Red Hat Beta
                     Red Hat Enterprise Linux Server - Extended Update Support
                     Red Hat OpenShift Enterprise
                     Red Hat OpenShift Enterprise Application Node Beta
                     Red Hat OpenShift Enterprise JBoss A-MQ add-on
                     Oracle Java (for RHEL Server)
                     Red Hat Enterprise Linux for Real Time
                     Red Hat Enterprise Linux Atomic Host
                     Red Hat Developer Toolset (for RHEL Workstation)
                     Red Hat OpenShift Enterprise JBoss EAP add-on Beta
                     Red Hat OpenShift Enterprise Application Node
                     Kernel Derivative Works for HPC for Power Systems
                     Red Hat Enterprise Linux for Scientific Computing
                     Red Hat Enterprise Linux 7 Resilient Storage High Touch Beta
                     Red Hat Enterprise Linux High Availability (for RHEL Server) - AUS
                     Red Hat Container Images HTB
                     Red Hat Container Images Beta
                     Red Hat Enterprise Virtualization for IBM Power
                     Red Hat Developer Toolset (for RHEL Server EUS)
                     Red Hat OpenStack
                     Red Hat OpenShift Enterprise Client Tools
                     Red Hat Enterprise Linux Load Balancer (for RHEL Server) - Extended Update Support
                     Red Hat CloudForms Beta
                     Red Hat Enterprise Linux High Availability (for RHEL Server)
                     Red Hat Certification (for RHEL Server)
                     Red Hat Gluster Storage Management Console (for RHEL Server)
                     Red Hat OpenStack Beta
                     Red Hat Ceph Storage OSD
                     Red Hat Enterprise Virtualization
                     MRG Grid Execute
                     Red Hat Container Development Kit
                     Red Hat Enterprise Linux Workstation
                     Red Hat Enterprise Linux for SAP
                     MRG Realtime
                     Red Hat Enterprise Linux Server - AUS
                     JBoss Enterprise Application Platform
                     Red Hat Enterprise Linux High Performance Networking (for RHEL Compute Node)
                     Red Hat Container Images
                     Red Hat Enterprise MRG Messaging 3 for RHEL 7
                     Red Hat Enterprise Linux Resilient Storage (for IBM z Systems)
                     Red Hat Certificate System
                     Red Hat CloudForms
                     Red Hat Enterprise Linux Resilient Storage (for RHEL Server) - AUS
                     Red Hat S-JIS Support (for RHEL Server)
                     Red Hat Enterprise Linux Scalable File System (for RHEL Server)
                     Red Hat OpenStack Beta Certification Test Suite
                     Red Hat Enterprise Linux Resilient Storage (for RHEL Server) - Extended Update Support
                     Red Hat Enterprise Linux Atomic Host Beta
                     Red Hat Enterprise Linux EUS Compute Node High Performance Networking
                     Red Hat Enterprise Linux 7 Server High Touch Beta
                     Oracle Java (for Middleware)
                     MRG Management
                     Red Hat Enterprise Linux 7 Workstation High Touch Beta
                     Red Hat Enterprise Linux High Availability (for RHEL Server) - Extended Update Support
                     Red Hat Enterprise Linux 6 Workstation HTB
                     Red Hat JBoss A-MQ Clients
                     Red Hat Directory Server
                     Red Hat Enterprise Linux Server - Extended Life Cycle Support
                     Red Hat Enterprise Linux for IBM z Systems
                     Red Hat Enterprise Linux Load Balancer (for RHEL Server)
                     Red Hat Developer Toolset (for RHEL Server)
                     Red Hat Hardware Certification Test Suite
                     Red Hat Enterprise Linux Atomic Host HTB
                     Red Hat Software Collections Beta (for RHEL Workstation)
                     Red Hat Software Collections (for RHEL Workstation)
                     Oracle Java (for RHEL Workstation)
                     Red Hat Ceph Storage Calamari
                     Red Hat Enterprise MRG Messaging
                     Red Hat Enterprise Linux for SAP Hana
                     Red Hat Enterprise Linux Scalable File System (for RHEL Server) - AUS
                     MRG Grid
                     Oracle Java (for RHEL Compute Node)
                     Red Hat Enterprise Linux for Power, big endian
                     Red Hat Enterprise Linux 7 for IBM POWER High Touch Beta
                     Red Hat Storage
                     Red Hat Enterprise Linux EUS Compute Node Scalable File System
                     Red Hat Enterprise Linux Server for ARM Development Preview
                     Red Hat Software Collections Beta (for RHEL Client)
                     Red Hat Enterprise Linux Scalable File System (for RHEL Compute Node)
                     Red Hat Enterprise Linux Server
                     Red Hat Software Collections Beta (for RHEL Server)
SKU:                 ES0113909
Contract:            10649089
Pool ID:             8a85f9894bba16dc014bccdd905a5e23
Provides Management: Yes
Available:           Unlimited
Suggested:           1
Service Level:       Self-Support
Service Type:        L1-L3
Subscription Type:   Standard
Ends:                02/26/2016
System Type:         Virtual

Subscription Name:   Employee SKU
Provides:            Oracle Java (for RHEL Server) - AUS
                     Oracle Java (for RHEL Client)
                     Red Hat Enterprise Linux 7 High Availability High Touch Beta
                     Red Hat Enterprise Linux High Availability (for IBM z Systems)
                     Red Hat Enterprise Linux 6 Server HTB
                     Red Hat EUCJP Support (for RHEL Server)
                     Red Hat Enterprise Linux for Power, little endian
                     Red Hat Enterprise Linux EUS Compute Node
                     Red Hat Enterprise Linux for Power, big endian - Extended Update Support
                     Red Hat OpenShift Enterprise JBoss EAP add-on
                     Oracle Java (for RHEL Server) - Extended Update Support
                     Red Hat Enterprise Linux Load Balancer (for RHEL Server) - AUS
                     Red Hat Enterprise Linux Resilient Storage (for RHEL Server)
                     JBoss Enterprise Web Server
                     Red Hat Ceph Storage MON
                     JBoss Enterprise Web Platform
                     Red Hat Enterprise Linux 7 Load Balancer High Touch Beta
                     Red Hat OpenShift Enterprise Infrastructure Beta
                     Kernel Derivative Works for Bluegene/Q
                     Oracle Java (for RHEL Compute Node) - Extended Update Support
                     Red Hat Enterprise Linux 7 for HPC Compute Node High Touch Beta
                     Red Hat Enterprise Linux Scalable File System (for RHEL Workstation)
                     Red Hat Enterprise Linux Desktop
                     OLD Red Hat Enterprise Linux Server for ARM Development Preview
                     Red Hat Enterprise Linux for IBM z Systems - Extended Update Support
                     JBoss Enterprise Application Platform - ELS
                     Red Hat OpenShift Enterprise Client Tools Beta
                     Atomic Enterprise Platform Beta
                     Red Hat Enterprise Linux Scalable File System (for RHEL Server) - Extended Update Support
                     Red Hat OpenShift Enterprise JBoss FUSE add-on
                     Red Hat Ceph Storage
                     Red Hat Cloud Infrastructure
                     Red Hat Certificate System with Advanced Access
                     Red Hat Enterprise Linux High Performance Networking (for RHEL Server)
                     Red Hat OpenShift Enterprise Infrastructure
                     Red Hat Enterprise Linux 7 Desktop High Touch Beta
                     Red Hat Software Collections (for RHEL Server)
                     Red Hat Enterprise Linux 7 for IBM z Systems High Touch Beta
                     Red Hat Enterprise Linux High Performance Networking (for RHEL for IBM POWER)
                     Red Hat Gluster Storage Nagios Server
                     Red Hat Enterprise Linux Server for ARM Beta
                     Red Hat Gluster Storage Server for On-premise
                     Red Hat Beta
                     Red Hat Enterprise Linux Server - Extended Update Support
                     Red Hat OpenShift Enterprise
                     Red Hat OpenShift Enterprise Application Node Beta
                     Red Hat OpenShift Enterprise JBoss A-MQ add-on
                     Oracle Java (for RHEL Server)
                     Red Hat Enterprise Linux for Real Time
                     Red Hat Enterprise Linux Atomic Host
                     Red Hat Developer Toolset (for RHEL Workstation)
                     Red Hat OpenShift Enterprise JBoss EAP add-on Beta
                     Red Hat OpenShift Enterprise Application Node
                     Kernel Derivative Works for HPC for Power Systems
                     Red Hat Enterprise Linux for Scientific Computing
                     Red Hat Enterprise Linux 7 Resilient Storage High Touch Beta
                     Red Hat Enterprise Linux High Availability (for RHEL Server) - AUS
                     Red Hat Container Images HTB
                     Red Hat Container Images Beta
                     Red Hat Enterprise Virtualization for IBM Power
                     Red Hat Developer Toolset (for RHEL Server EUS)
                     Red Hat OpenStack
                     Red Hat OpenShift Enterprise Client Tools
                     Red Hat Enterprise Linux Load Balancer (for RHEL Server) - Extended Update Support
                     Red Hat CloudForms Beta
                     Red Hat Enterprise Linux High Availability (for RHEL Server)
                     Red Hat Certification (for RHEL Server)
                     Red Hat Gluster Storage Management Console (for RHEL Server)
                     Red Hat OpenStack Beta
                     Red Hat Ceph Storage OSD
                     Red Hat Enterprise Virtualization
                     MRG Grid Execute
                     Red Hat Container Development Kit
                     Red Hat Enterprise Linux Workstation
                     Red Hat Enterprise Linux for SAP
                     MRG Realtime
                     Red Hat Enterprise Linux Server - AUS
                     JBoss Enterprise Application Platform
                     Red Hat Enterprise Linux High Performance Networking (for RHEL Compute Node)
                     Red Hat Container Images
                     Red Hat Enterprise MRG Messaging 3 for RHEL 7
                     Red Hat Enterprise Linux Resilient Storage (for IBM z Systems)
                     Red Hat Certificate System
                     Red Hat CloudForms
                     Red Hat Enterprise Linux Resilient Storage (for RHEL Server) - AUS
                     Red Hat S-JIS Support (for RHEL Server)
                     Red Hat Enterprise Linux Scalable File System (for RHEL Server)
                     Red Hat OpenStack Beta Certification Test Suite
                     Red Hat Enterprise Linux Resilient Storage (for RHEL Server) - Extended Update Support
                     Red Hat Enterprise Linux Atomic Host Beta
                     Red Hat Enterprise Linux EUS Compute Node High Performance Networking
                     Red Hat Enterprise Linux 7 Server High Touch Beta
                     Oracle Java (for Middleware)
                     MRG Management
                     Red Hat Enterprise Linux 7 Workstation High Touch Beta
                     Red Hat Enterprise Linux High Availability (for RHEL Server) - Extended Update Support
                     Red Hat Enterprise Linux 6 Workstation HTB
                     Red Hat JBoss A-MQ Clients
                     Red Hat Directory Server
                     Red Hat Enterprise Linux Server - Extended Life Cycle Support
                     Red Hat Enterprise Linux for IBM z Systems
                     Red Hat Enterprise Linux Load Balancer (for RHEL Server)
                     Red Hat Developer Toolset (for RHEL Server)
                     Red Hat Hardware Certification Test Suite
                     Red Hat Enterprise Linux Atomic Host HTB
                     Red Hat Software Collections Beta (for RHEL Workstation)
                     Red Hat Software Collections (for RHEL Workstation)
                     Oracle Java (for RHEL Workstation)
                     Red Hat Ceph Storage Calamari
                     Red Hat Enterprise MRG Messaging
                     Red Hat Enterprise Linux for SAP Hana
                     Red Hat Enterprise Linux Scalable File System (for RHEL Server) - AUS
                     MRG Grid
                     Oracle Java (for RHEL Compute Node)
                     Red Hat Enterprise Linux for Power, big endian
                     Red Hat Enterprise Linux 7 for IBM POWER High Touch Beta
                     Red Hat Storage
                     Red Hat Enterprise Linux EUS Compute Node Scalable File System
                     Red Hat Enterprise Linux Server for ARM Development Preview
                     Red Hat Software Collections Beta (for RHEL Client)
                     Red Hat Enterprise Linux Scalable File System (for RHEL Compute Node)
                     Red Hat Enterprise Linux Server
                     Red Hat Software Collections Beta (for RHEL Server)
SKU:                 ES0113909
Contract:            10254446
Pool ID:             8a85f9874011071c01407da00b3f7c5e
Provides Management: Yes
Available:           100
Suggested:           1
Service Level:       Self-Support
Service Type:        L1-L3
Subscription Type:   Standard
Ends:                12/31/2021
System Type:         Physical

Subscription Name:   30 Day Self-Supported Red Hat Enterprise Linux Developer Workstation Evaluation
Provides:            Red Hat Software Collections Beta (for RHEL Workstation)
                     Oracle Java (for RHEL Client)
                     Red Hat Software Collections (for RHEL Workstation)
                     Oracle Java (for RHEL Workstation)
                     Red Hat Software Collections (for RHEL Server)
                     Red Hat Enterprise Linux Workstation
                     MRG Realtime
                     Red Hat Beta
                     Red Hat Enterprise Linux Server - Extended Update Support
                     Oracle Java (for RHEL Server) - Extended Update Support
                     Red Hat Enterprise Linux High Performance Networking (for RHEL Server) - Extended Update Support
                     Red Hat Enterprise Linux Resilient Storage (for RHEL Server)
                     Oracle Java (for RHEL Server)
                     Red Hat Enterprise Linux for Real Time
                     Red Hat Developer Toolset (for RHEL Workstation)
                     Red Hat Enterprise Linux Scalable File System (for RHEL Server)
                     Red Hat Enterprise Linux Resilient Storage (for RHEL Server) - Extended Update Support
                     Red Hat Enterprise Linux Desktop
                     Red Hat Enterprise Linux High Availability (for RHEL Server) - Extended Update Support
                     Red Hat Developer Toolset (for RHEL Server EUS)
                     Red Hat Software Collections Beta (for RHEL Client)
                     Red Hat Enterprise Linux Scalable File System (for RHEL Server) - Extended Update Support
                     Red Hat Software Collections (for RHEL Client)
                     Red Hat Enterprise Linux Load Balancer (for RHEL Server) - Extended Update Support
                     Red Hat Enterprise Linux High Availability (for RHEL Server)
                     Red Hat Enterprise Linux Server
                     Red Hat Software Collections Beta (for RHEL Server)
                     Red Hat Enterprise Linux High Performance Networking (for RHEL Server)
                     Red Hat Enterprise Linux Load Balancer (for RHEL Server)
                     Red Hat Developer Toolset (for RHEL Server)
SKU:                 RH3414706
Contract:            10825143
Pool ID:             8a85f981511b954701511cb111e25525
Provides Management: Yes
Available:           1
Suggested:           1
Service Level:       Self-Support
Service Type:        L1-L3
Subscription Type:   Standard
Ends:                12/17/2015
System Type:         Virtual

Subscription Name:   Red Hat Enterprise Linux Beta for Power
Provides:            
SKU:                 RH00070
Contract:            10712013
Pool ID:             8a85f9814d9b4387014dbae4df946c05
Provides Management: No
Available:           92
Suggested:           1
Service Level:       Self-Support
Service Type:        L1-L3
Subscription Type:   Instance Based
Ends:                06/02/2016
System Type:         Physical

Subscription Name:   60 Day Self-Supported Red Hat Enterprise Linux OpenStack Platform Preview
Provides:            Red Hat Beta
                     Red Hat OpenStack Beta
                     Red Hat Software Collections (for RHEL Server)
                     Oracle Java (for RHEL Server)
                     Red Hat OpenStack
                     Red Hat Enterprise MRG Messaging
                     Red Hat Enterprise Linux High Availability (for RHEL Server)
                     Red Hat Enterprise Linux Server
                     Red Hat Software Collections Beta (for RHEL Server)
                     Red Hat Enterprise Linux Load Balancer (for RHEL Server)
SKU:                 SER0406
Contract:            10823521
Pool ID:             8a85f981511033370151146c2d3b3728
Provides Management: No
Available:           Unlimited
Suggested:           1
Service Level:       Self-Support
Service Type:        L1-L3
Subscription Type:   Standard
Ends:                01/15/2016
System Type:         Virtual

